
~~~~~~~~~~~~ XaAES start up ~~~~~~~~~~~~~~~~
XaAES v1.6.4 Beta (m68040, Dec 28 2022 19:47:07) (MultiTasking AES for MiNT)
Part of freemint (https://freemint.github.io/).
stack is long-aligned:4F7061C
PRG: km=4EE0000, base=4EE0160, text=4EE0260 -> 4F59530(496336), kentry:0.22,dos_version=40
home_path: 'U:\c\mint\1-19-475\xaaes\'
Loading config U:\c\mint\1-19-475\xaaes\xaaes.cnf
sysfile_exists: 'U:\c\mint\1-19-475\xaaes\moose_w.adi'
sysfile_exists: 'U:\c\mint\1-19-475\xaaes\moose.adi'
both moose_w.adi and moose.adi found (better choose one)
lang='en' (from config) code=0.
load adi modules
Loading AES Device Drivers:
load_adi: enter (0x4F7B254, 0x4F7B154, moose.adi)
load_adi: return 0
load_adi: enter (0x4EDF254, 0x4EDF154, moose_w.adi)
load_adi: return 0
adi_load: done
Creating XaAES kernel thread
AESSYS:Installed 'nAES' cookie in readable memory at 110E000
apid=-1,P_handle=0
k_init: videomode=0
could not determine nvdi version
fvdi version = 968
Auto detecting screen device
Assume Falcon VDI compatibility
Video mode not set in Falcon/Milan VDI. Forcing device = 1
Screen device is: 1
k_init: v_opnwk() device=1
k_init: v_opnwk() handle=1
Physical work station opened: 1
Virtual work station opened: 2
screen-type:4
lookup-support:0, planes:32
Video info: width(1024/768), planes :32, colours 256 pixel-format 0
stdfont: id = 1, size = 10, cw=8, ch=16
smlfont: id = 1, size = 8, cw=6, ch=6
Display Device: Phys_handle=1, Virt_handle=2
 size=[1024,768], colours=256, bitplanes=32
Loading system resource file 'xaaes.rsc' lang='en'(0) trans=1
xaaes_sysfile: check if 'U:\c\mint\1-19-475\xaaes\xaaes.rsc' exists - return = 0
system resource = 4EC2004 (U:\c\mint\1-19-475\xaaes\xaaes.rsc)
xaaes_sysfile: check if 'U:\c\mint\1-19-475\xaaes\xa_xtobj.rsc' exists - return = 0
xaaes_sysfile: check if 'U:\c\mint\1-19-475\xaaes\xaaeswdg.rsc' exists - return = 0
do_bkg_img:U:\c\mint\1-19-475\xaaes\1024768.32/xa_form.mfd not found
AESSYS:read_inf:U:\c\mint\1-19-475\xaaes\xaaes.inf
alert:6, KBD:7,pferr=0
Wheel support present
Using moose adi
Loading AES modules...
loading accs ---------------------------
loading accessories from 'C:\'
loading shell and autorun ---------------
autorun[0]: cmd=(4FB00A8) 'u:\c\mint\1-19-475\sys-root\opt\GEM\toswin2\toswin2.app'
   args[0]:    =(107ACE8) ''
Launch shell 'u:\c\mint\1-19-475\sys-root\opt\GEM\teradesk\desktop.prg' with args 'No args'
XaSYS(6:AES:4): sigterm received
(ignored)
AESSYS(4:AES:4): sigterm received
(ignored)

~~~~~~~~~~~~ XaAES start up ~~~~~~~~~~~~~~~~
XaAES v1.6.4 Beta (m68040, Dec 28 2022 19:47:07) (MultiTasking AES for MiNT)
Part of freemint (https://freemint.github.io/).
stack is long-aligned:4F7061C
PRG: km=4EE0000, base=4EE0160, text=4EE0260 -> 4F59530(496336), kentry:0.22,dos_version=40
home_path: 'U:\c\mint\1-19-475\xaaes\'
Loading config U:\c\mint\1-19-475\xaaes\xaaes.cnf
sysfile_exists: 'U:\c\mint\1-19-475\xaaes\moose_w.adi'
sysfile_exists: 'U:\c\mint\1-19-475\xaaes\moose.adi'
both moose_w.adi and moose.adi found (better choose one)
lang='en' (from config) code=0.
load adi modules
Loading AES Device Drivers:
load_adi: enter (0x4F7B254, 0x4F7B154, moose.adi)
load_adi: return 0
load_adi: enter (0x4EDF254, 0x4EDF154, moose_w.adi)
load_adi: return 0
adi_load: done
Creating XaAES kernel thread
AESSYS:Installed 'nAES' cookie in readable memory at 110E000
apid=-1,P_handle=0
k_init: videomode=0
could not determine nvdi version
fvdi version = 968
Auto detecting screen device
Assume Falcon VDI compatibility
Video mode not set in Falcon/Milan VDI. Forcing device = 1
Screen device is: 1
k_init: v_opnwk() device=1
k_init: v_opnwk() handle=1
Physical work station opened: 1
Virtual work station opened: 2
screen-type:4
lookup-support:0, planes:32
Video info: width(1024/768), planes :32, colours 256 pixel-format 0
stdfont: id = 1, size = 10, cw=8, ch=16
smlfont: id = 1, size = 8, cw=6, ch=6
Display Device: Phys_handle=1, Virt_handle=2
 size=[1024,768], colours=256, bitplanes=32
Loading system resource file 'xaaes.rsc' lang='en'(0) trans=1
xaaes_sysfile: check if 'U:\c\mint\1-19-475\xaaes\xaaes.rsc' exists - return = 0
system resource = 4EC2004 (U:\c\mint\1-19-475\xaaes\xaaes.rsc)
xaaes_sysfile: check if 'U:\c\mint\1-19-475\xaaes\xa_xtobj.rsc' exists - return = 0
xaaes_sysfile: check if 'U:\c\mint\1-19-475\xaaes\xaaeswdg.rsc' exists - return = 0
do_bkg_img:U:\c\mint\1-19-475\xaaes\1024768.32/xa_form.mfd not found
AESSYS:read_inf:U:\c\mint\1-19-475\xaaes\xaaes.inf
alert:6, KBD:7,pferr=0
Wheel support present
Using moose adi
Loading AES modules...
loading accs ---------------------------
loading accessories from 'C:\'
loading shell and autorun ---------------
autorun[0]: cmd=(4FB00A8) 'u:\c\mint\1-19-475\sys-root\opt\GEM\toswin2\toswin2.app'
   args[0]:    =(107ACE8) ''
Launch shell 'u:\c\mint\1-19-475\sys-root\opt\GEM\teradesk\desktop.prg' with args 'No args'
XaSYS(6:AES:4): sigterm received
(ignored)
AESSYS(4:AES:4): sigterm received
(ignored)

~~~~~~~~~~~~ XaAES start up ~~~~~~~~~~~~~~~~
XaAES v1.6.4 Beta (m68040, Dec 28 2022 19:47:07) (MultiTasking AES for MiNT)
Part of freemint (https://freemint.github.io/).
stack is long-aligned:20F7061C
PRG: km=20EE0000, base=20EE0160, text=20EE0260 -> 20F59530(496336), kentry:0.22,dos_version=40
home_path: 'U:\c\mint\1-19-475\xaaes\'
Loading config U:\c\mint\1-19-475\xaaes\xaaes.cnf
sysfile_exists: 'U:\c\mint\1-19-475\xaaes\moose_w.adi'
sysfile_exists: 'U:\c\mint\1-19-475\xaaes\moose.adi'
both moose_w.adi and moose.adi found (better choose one)
lang='en' (from config) code=0.
load adi modules
Loading AES Device Drivers:
load_adi: enter (0x20F7B254, 0x20F7B154, moose.adi)
load_adi: return 0
load_adi: enter (0x20EDF254, 0x20EDF154, moose_w.adi)
load_adi: return 0
adi_load: done
Creating XaAES kernel thread
AESSYS:Installed 'nAES' cookie in readable memory at 110E000
apid=-1,P_handle=0
k_init: videomode=0
could not determine nvdi version
fvdi version = 968
Auto detecting screen device
Assume Falcon VDI compatibility
Video mode not set in Falcon/Milan VDI. Forcing device = 1
Screen device is: 1
k_init: v_opnwk() device=1
k_init: v_opnwk() handle=1
Physical work station opened: 1
Virtual work station opened: 2
screen-type:4
lookup-support:0, planes:32
Video info: width(1024/768), planes :32, colours 256 pixel-format 0
stdfont: id = 1, size = 10, cw=8, ch=16
smlfont: id = 1, size = 8, cw=6, ch=6
Display Device: Phys_handle=1, Virt_handle=2
 size=[1024,768], colours=256, bitplanes=32
Loading system resource file 'xaaes.rsc' lang='en'(0) trans=1
xaaes_sysfile: check if 'U:\c\mint\1-19-475\xaaes\xaaes.rsc' exists - return = 0
system resource = 20EC2004 (U:\c\mint\1-19-475\xaaes\xaaes.rsc)
xaaes_sysfile: check if 'U:\c\mint\1-19-475\xaaes\xa_xtobj.rsc' exists - return = 0
xaaes_sysfile: check if 'U:\c\mint\1-19-475\xaaes\xaaeswdg.rsc' exists - return = 0
do_bkg_img:U:\c\mint\1-19-475\xaaes\1024768.32/xa_form.mfd not found
AESSYS:read_inf:U:\c\mint\1-19-475\xaaes\xaaes.inf
alert:6, KBD:7,pferr=0
Wheel support present
Using moose adi
Loading AES modules...
loading accs ---------------------------
loading accessories from 'C:\'
loading shell and autorun ---------------
autorun[0]: cmd=(20FB00A8) 'u:\c\mint\1-19-475\sys-root\opt\GEM\toswin2\toswin2.app'
   args[0]:    =(107ACE8) ''
Launch shell 'u:\c\mint\1-19-475\sys-root\opt\GEM\teradesk\desktop.prg' with args 'No args'
info_release:kfree(20E38DA8)->8000:551784272): pid=9:10: error
info_release:kfree(20E390A8)->0:551783216): pid=11:12: error
XaSYS(6:AES:4): sigterm received
(ignored)
AESSYS(4:AES:4): sigterm received
(ignored)

~~~~~~~~~~~~ XaAES start up ~~~~~~~~~~~~~~~~
XaAES v1.6.4 Beta (m68040, Dec 28 2022 19:47:07) (MultiTasking AES for MiNT)
Part of freemint (https://freemint.github.io/).
stack is long-aligned:20F7061C
PRG: km=20EE0000, base=20EE0160, text=20EE0260 -> 20F59530(496336), kentry:0.22,dos_version=40
home_path: 'U:\c\mint\1-19-475\xaaes\'
Loading config U:\c\mint\1-19-475\xaaes\xaaes.cnf
sysfile_exists: 'U:\c\mint\1-19-475\xaaes\moose_w.adi'
sysfile_exists: 'U:\c\mint\1-19-475\xaaes\moose.adi'
both moose_w.adi and moose.adi found (better choose one)
lang='en' (from config) code=0.
load adi modules
Loading AES Device Drivers:
load_adi: enter (0x20F7B254, 0x20F7B154, moose.adi)
load_adi: return 0
load_adi: enter (0x20EDF254, 0x20EDF154, moose_w.adi)
load_adi: return 0
adi_load: done
Creating XaAES kernel thread
AESSYS:Installed 'nAES' cookie in readable memory at 110E000
apid=-1,P_handle=0
k_init: videomode=0
could not determine nvdi version
fvdi version = 968
Auto detecting screen device
Assume Falcon VDI compatibility
Video mode not set in Falcon/Milan VDI. Forcing device = 1
Screen device is: 1
k_init: v_opnwk() device=1
k_init: v_opnwk() handle=1
Physical work station opened: 1
Virtual work station opened: 2
screen-type:4
lookup-support:0, planes:32
Video info: width(1024/768), planes :32, colours 256 pixel-format 0
stdfont: id = 1, size = 10, cw=8, ch=16
smlfont: id = 1, size = 8, cw=6, ch=6
Display Device: Phys_handle=1, Virt_handle=2
 size=[1024,768], colours=256, bitplanes=32
Loading system resource file 'xaaes.rsc' lang='en'(0) trans=1
xaaes_sysfile: check if 'U:\c\mint\1-19-475\xaaes\xaaes.rsc' exists - return = 0
system resource = 20EC2004 (U:\c\mint\1-19-475\xaaes\xaaes.rsc)
xaaes_sysfile: check if 'U:\c\mint\1-19-475\xaaes\xa_xtobj.rsc' exists - return = 0
xaaes_sysfile: check if 'U:\c\mint\1-19-475\xaaes\xaaeswdg.rsc' exists - return = 0
do_bkg_img:U:\c\mint\1-19-475\xaaes\1024768.32/xa_form.mfd not found
AESSYS:read_inf:U:\c\mint\1-19-475\xaaes\xaaes.inf
alert:6, KBD:7,pferr=0
Wheel support present
Using moose adi
Loading AES modules...
loading accs ---------------------------
loading accessories from 'C:\'
load_accs: launch (C:\acalc.acc)
load_accs: launch (C:\jclktool.acc)
load_accs: launch (C:\st-guide.acc)
load_accs: launch (C:\bubble.acc)
loading shell and autorun ---------------
autorun[0]: cmd=(20FB60A8) 'u:\c\mint\1-19-475\sys-root\opt\GEM\toswin2\toswin2.app'
   args[0]:    =(107ACE8) ''
Launch shell 'u:\c\mint\1-19-475\sys-root\opt\GEM\teradesk\desktop.prg' with args 'No args'
XaSYS(6:AES:4): sigterm received
(ignored)
AESSYS(4:AES:4): sigterm received
(ignored)

~~~~~~~~~~~~ XaAES start up ~~~~~~~~~~~~~~~~
XaAES v1.6.4 Beta (m68040, Dec 28 2022 19:47:07) (MultiTasking AES for MiNT)
Part of freemint (https://freemint.github.io/).
stack is long-aligned:20F6861C
PRG: km=20ED8000, base=20ED8160, text=20ED8260 -> 20F51530(496336), kentry:0.22,dos_version=40
home_path: 'U:\c\mint\1-19-475\xaaes\'
Loading config U:\c\mint\1-19-475\xaaes\xaaes.cnf
sysfile_exists: 'U:\c\mint\1-19-475\xaaes\moose_w.adi'
sysfile_exists: 'U:\c\mint\1-19-475\xaaes\moose.adi'
both moose_w.adi and moose.adi found (better choose one)
lang='en' (from config) code=0.
load adi modules
Loading AES Device Drivers:
load_adi: enter (0x20F7AF04, 0x20F7AE04, moose.adi)
load_adi: return 0
load_adi: enter (0x20ED7254, 0x20ED7154, moose_w.adi)
load_adi: return 0
adi_load: done
Creating XaAES kernel thread
AESSYS:Installed 'nAES' cookie in readable memory at 10B0000
apid=-1,P_handle=0
k_init: videomode=0
could not determine nvdi version
fvdi version = 968
Auto detecting screen device
Assume Falcon VDI compatibility
Video mode not set in Falcon/Milan VDI. Forcing device = 1
Screen device is: 1
k_init: v_opnwk() device=1
k_init: v_opnwk() handle=1
Physical work station opened: 1
Virtual work station opened: 2
screen-type:4
lookup-support:0, planes:32
Video info: width(1024/768), planes :32, colours 256 pixel-format 0
stdfont: id = 1, size = 10, cw=8, ch=16
smlfont: id = 1, size = 8, cw=6, ch=6
Display Device: Phys_handle=1, Virt_handle=2
 size=[1024,768], colours=256, bitplanes=32
Loading system resource file 'xaaes.rsc' lang='en'(0) trans=1
xaaes_sysfile: check if 'U:\c\mint\1-19-475\xaaes\xaaes.rsc' exists - return = 0
system resource = 20EBA004 (U:\c\mint\1-19-475\xaaes\xaaes.rsc)
xaaes_sysfile: check if 'U:\c\mint\1-19-475\xaaes\xa_xtobj.rsc' exists - return = 0
xaaes_sysfile: check if 'U:\c\mint\1-19-475\xaaes\xaaeswdg.rsc' exists - return = 0
do_bkg_img:U:\c\mint\1-19-475\xaaes\1024768.32/xa_form.mfd not found
AESSYS:read_inf:U:\c\mint\1-19-475\xaaes\xaaes.inf
alert:6, KBD:7,pferr=0
Wheel support present
Using moose adi
Loading AES modules...
loading accs ---------------------------
loading accessories from 'C:\'
load_accs: launch (C:\acalc.acc)
load_accs: launch (C:\jclktool.acc)
load_accs: launch (C:\st-guide.acc)
load_accs: launch (C:\bubble.acc)
loading shell and autorun ---------------
autorun[0]: cmd=(20FB6118) 'u:\c\mint\1-19-475\sys-root\opt\GEM\toswin2\toswin2.app'
   args[0]:    =(107AD48) ''
Launch shell 'u:\c\mint\1-19-475\sys-root\opt\GEM\teradesk\desktop.prg' with args 'No args'
XaSYS(7:AES:5): sigterm received
(ignored)
AESSYS(5:AES:5): sigterm received
(ignored)

~~~~~~~~~~~~ XaAES start up ~~~~~~~~~~~~~~~~
XaAES v1.6.4 Beta (m68040, Dec 28 2022 19:47:07) (MultiTasking AES for MiNT)
Part of freemint (https://freemint.github.io/).
stack is long-aligned:20F5061C
PRG: km=20EC0000, base=20EC0160, text=20EC0260 -> 20F39530(496336), kentry:0.22,dos_version=40
home_path: 'U:\c\mint\1-19-475\xaaes\'
Loading config U:\c\mint\1-19-475\xaaes\xaaes.cnf
sysfile_exists: 'U:\c\mint\1-19-475\xaaes\moose_w.adi'
sysfile_exists: 'U:\c\mint\1-19-475\xaaes\moose.adi'
both moose_w.adi and moose.adi found (better choose one)
lang='en' (from config) code=0.
load adi modules
Loading AES Device Drivers:
load_adi: enter (0x20EBF254, 0x20EBF154, moose.adi)
load_adi: return 0
load_adi: enter (0x20EBD254, 0x20EBD154, moose_w.adi)
load_adi: return 0
adi_load: done
Creating XaAES kernel thread
AESSYS:Installed 'nAES' cookie in readable memory at 10BC000
apid=-1,P_handle=0
k_init: videomode=0
could not determine nvdi version
fvdi version = 968
Auto detecting screen device
Assume Falcon VDI compatibility
Video mode not set in Falcon/Milan VDI. Forcing device = 1
Screen device is: 1
k_init: v_opnwk() device=1
k_init: v_opnwk() handle=1
Physical work station opened: 1
Virtual work station opened: 2
screen-type:4
lookup-support:0, planes:32
Video info: width(1024/768), planes :32, colours 256 pixel-format 0
stdfont: id = 1, size = 10, cw=8, ch=16
smlfont: id = 1, size = 8, cw=6, ch=6
Display Device: Phys_handle=1, Virt_handle=2
 size=[1024,768], colours=256, bitplanes=32
Loading system resource file 'xaaes.rsc' lang='en'(0) trans=1
xaaes_sysfile: check if 'U:\c\mint\1-19-475\xaaes\xaaes.rsc' exists - return = 0
system resource = 20EA0004 (U:\c\mint\1-19-475\xaaes\xaaes.rsc)
xaaes_sysfile: check if 'U:\c\mint\1-19-475\xaaes\xa_xtobj.rsc' exists - return = 0
xaaes_sysfile: check if 'U:\c\mint\1-19-475\xaaes\xaaeswdg.rsc' exists - return = 0
do_bkg_img:U:\c\mint\1-19-475\xaaes\1024768.32/xa_form.mfd not found
AESSYS:read_inf:U:\c\mint\1-19-475\xaaes\xaaes.inf
alert:6, KBD:7,pferr=0
Wheel support present
Using moose adi
Loading AES modules...
loading accs ---------------------------
loading accessories from 'C:\'
load_accs: launch (C:\acalc.acc)
load_accs: launch (C:\jclktool.acc)
load_accs: launch (C:\st-guide.acc)
load_accs: launch (C:\bubble.acc)
loading shell and autorun ---------------
autorun[0]: cmd=(20FD80B8) 'u:\c\mint\1-19-475\sys-root\opt\GEM\toswin2\toswin2.app'
   args[0]:    =(107AE68) ''
Launch shell 'u:\c\mint\1-19-475\sys-root\opt\GEM\teradesk\desktop.prg' with args 'No args'
AESSYS(6:AES:6): sigterm received
(ignored)
XaSYS(10:AES:6): sigterm received
(ignored)

~~~~~~~~~~~~ XaAES start up ~~~~~~~~~~~~~~~~
XaAES v1.6.4 Beta (m68040, Dec 28 2022 19:47:07) (MultiTasking AES for MiNT)
Part of freemint (https://freemint.github.io/).
stack is long-aligned:20F5061C
PRG: km=20EC0000, base=20EC0160, text=20EC0260 -> 20F39530(496336), kentry:0.22,dos_version=40
home_path: 'U:\c\mint\1-19-475\xaaes\'
Loading config U:\c\mint\1-19-475\xaaes\xaaes.cnf
sysfile_exists: 'U:\c\mint\1-19-475\xaaes\moose_w.adi'
sysfile_exists: 'U:\c\mint\1-19-475\xaaes\moose.adi'
both moose_w.adi and moose.adi found (better choose one)
lang='en' (from config) code=0.
load adi modules
Loading AES Device Drivers:
load_adi: enter (0x20EBF254, 0x20EBF154, moose.adi)
load_adi: return 0
load_adi: enter (0x20EBD254, 0x20EBD154, moose_w.adi)
load_adi: return 0
adi_load: done
Creating XaAES kernel thread
AESSYS:Installed 'nAES' cookie in readable memory at 10BC000
apid=-1,P_handle=0
k_init: videomode=0
could not determine nvdi version
fvdi version = 968
Auto detecting screen device
Assume Falcon VDI compatibility
Video mode not set in Falcon/Milan VDI. Forcing device = 1
Screen device is: 1
k_init: v_opnwk() device=1
k_init: v_opnwk() handle=1
Physical work station opened: 1
Virtual work station opened: 2
screen-type:4
lookup-support:0, planes:32
Video info: width(1024/768), planes :32, colours 256 pixel-format 0
stdfont: id = 1, size = 10, cw=8, ch=16
smlfont: id = 1, size = 8, cw=6, ch=6
Display Device: Phys_handle=1, Virt_handle=2
 size=[1024,768], colours=256, bitplanes=32
Loading system resource file 'xaaes.rsc' lang='en'(0) trans=1
xaaes_sysfile: check if 'U:\c\mint\1-19-475\xaaes\xaaes.rsc' exists - return = 0
system resource = 20EA0004 (U:\c\mint\1-19-475\xaaes\xaaes.rsc)
xaaes_sysfile: check if 'U:\c\mint\1-19-475\xaaes\xa_xtobj.rsc' exists - return = 0
xaaes_sysfile: check if 'U:\c\mint\1-19-475\xaaes\xaaeswdg.rsc' exists - return = 0
do_bkg_img:U:\c\mint\1-19-475\xaaes\1024768.32/xa_form.mfd not found
AESSYS:read_inf:U:\c\mint\1-19-475\xaaes\xaaes.inf
alert:6, KBD:7,pferr=0
Wheel support present
Using moose adi
Loading AES modules...
loading accs ---------------------------
loading accessories from 'C:\'
load_accs: launch (C:\acalc.acc)
load_accs: launch (C:\jclktool.acc)
load_accs: launch (C:\st-guide.acc)
load_accs: launch (C:\bubble.acc)
loading shell and autorun ---------------
autorun[0]: cmd=(20FD80B8) 'u:\c\mint\1-19-475\sys-root\opt\GEM\toswin2\toswin2.app'
   args[0]:    =(107AE68) ''
Launch shell 'u:\c\mint\1-19-475\sys-root\opt\GEM\teradesk\desktop.prg' with args 'No args'
XaSYS(10:AES:6): sigterm received
(ignored)
AESSYS(6:AES:6): sigterm received
(ignored)

~~~~~~~~~~~~ XaAES start up ~~~~~~~~~~~~~~~~
XaAES v1.6.4 Beta (m68040, Dec 28 2022 19:47:07) (MultiTasking AES for MiNT)
Part of freemint (https://freemint.github.io/).
stack is long-aligned:20F5061C
PRG: km=20EC0000, base=20EC0160, text=20EC0260 -> 20F39530(496336), kentry:0.22,dos_version=40
home_path: 'U:\c\mint\1-19-475\xaaes\'
Loading config U:\c\mint\1-19-475\xaaes\xaaes.cnf
sysfile_exists: 'U:\c\mint\1-19-475\xaaes\moose_w.adi'
sysfile_exists: 'U:\c\mint\1-19-475\xaaes\moose.adi'
both moose_w.adi and moose.adi found (better choose one)
lang='en' (from config) code=0.
load adi modules
Loading AES Device Drivers:
load_adi: enter (0x20EBF254, 0x20EBF154, moose.adi)
load_adi: return 0
load_adi: enter (0x20EBD254, 0x20EBD154, moose_w.adi)
load_adi: return 0
adi_load: done
Creating XaAES kernel thread
AESSYS:Installed 'nAES' cookie in readable memory at 10BC000
apid=-1,P_handle=0
k_init: videomode=0
could not determine nvdi version
fvdi version = 968
Auto detecting screen device
Assume Falcon VDI compatibility
Video mode not set in Falcon/Milan VDI. Forcing device = 1
Screen device is: 1
k_init: v_opnwk() device=1
k_init: v_opnwk() handle=1
Physical work station opened: 1
Virtual work station opened: 2
screen-type:4
lookup-support:0, planes:32
Video info: width(1024/768), planes :32, colours 256 pixel-format 0
stdfont: id = 1, size = 10, cw=8, ch=16
smlfont: id = 1, size = 8, cw=6, ch=6
Display Device: Phys_handle=1, Virt_handle=2
 size=[1024,768], colours=256, bitplanes=32
Loading system resource file 'xaaes.rsc' lang='en'(0) trans=1
xaaes_sysfile: check if 'U:\c\mint\1-19-475\xaaes\xaaes.rsc' exists - return = 0
system resource = 20EA0004 (U:\c\mint\1-19-475\xaaes\xaaes.rsc)
xaaes_sysfile: check if 'U:\c\mint\1-19-475\xaaes\xa_xtobj.rsc' exists - return = 0
xaaes_sysfile: check if 'U:\c\mint\1-19-475\xaaes\xaaeswdg.rsc' exists - return = 0
do_bkg_img:U:\c\mint\1-19-475\xaaes\1024768.32/xa_form.mfd not found
AESSYS:read_inf:U:\c\mint\1-19-475\xaaes\xaaes.inf
alert:6, KBD:7,pferr=0
Wheel support present
Using moose adi
Loading AES modules...
loading accs ---------------------------
loading accessories from 'C:\'
load_accs: launch (C:\acalc.acc)
load_accs: launch (C:\jclktool.acc)
load_accs: launch (C:\st-guide.acc)
load_accs: launch (C:\bubble.acc)
loading shell and autorun ---------------
autorun[0]: cmd=(20FD80B8) 'u:\c\mint\1-19-475\sys-root\opt\GEM\toswin2\toswin2.app'
   args[0]:    =(107AE68) ''
Launch shell 'u:\c\mint\1-19-475\sys-root\opt\GEM\teradesk\desktop.prg' with args 'No args'
XaSYS(10:AES:7): sigterm received
(ignored)
AESSYS(7:AES:7): sigterm received
(ignored)

~~~~~~~~~~~~ XaAES start up ~~~~~~~~~~~~~~~~
XaAES v1.6.4 Beta (m68040, Dec 28 2022 19:47:07) (MultiTasking AES for MiNT)
Part of freemint (https://freemint.github.io/).
stack is long-aligned:20F5061C
PRG: km=20EC0000, base=20EC0160, text=20EC0260 -> 20F39530(496336), kentry:0.22,dos_version=40
home_path: 'U:\c\mint\1-19-475\xaaes\'
Loading config U:\c\mint\1-19-475\xaaes\xaaes.cnf
sysfile_exists: 'U:\c\mint\1-19-475\xaaes\moose_w.adi'
sysfile_exists: 'U:\c\mint\1-19-475\xaaes\moose.adi'
both moose_w.adi and moose.adi found (better choose one)
lang='en' (from config) code=0.
load adi modules
Loading AES Device Drivers:
load_adi: enter (0x20EBF254, 0x20EBF154, moose.adi)
load_adi: return 0
load_adi: enter (0x20EBD254, 0x20EBD154, moose_w.adi)
load_adi: return 0
adi_load: done
Creating XaAES kernel thread
AESSYS:Installed 'nAES' cookie in readable memory at 10BC000
apid=-1,P_handle=0
k_init: videomode=0
could not determine nvdi version
fvdi version = 968
Auto detecting screen device
Assume Falcon VDI compatibility
Video mode not set in Falcon/Milan VDI. Forcing device = 1
Screen device is: 1
k_init: v_opnwk() device=1
k_init: v_opnwk() handle=1
Physical work station opened: 1
Virtual work station opened: 2
screen-type:4
lookup-support:0, planes:32
Video info: width(1024/768), planes :32, colours 256 pixel-format 0
stdfont: id = 1, size = 10, cw=8, ch=16
smlfont: id = 1, size = 8, cw=6, ch=6
Display Device: Phys_handle=1, Virt_handle=2
 size=[1024,768], colours=256, bitplanes=32
Loading system resource file 'xaaes.rsc' lang='en'(0) trans=1
xaaes_sysfile: check if 'U:\c\mint\1-19-475\xaaes\xaaes.rsc' exists - return = 0
system resource = 20EA0004 (U:\c\mint\1-19-475\xaaes\xaaes.rsc)
xaaes_sysfile: check if 'U:\c\mint\1-19-475\xaaes\xa_xtobj.rsc' exists - return = 0
xaaes_sysfile: check if 'U:\c\mint\1-19-475\xaaes\xaaeswdg.rsc' exists - return = 0
do_bkg_img:U:\c\mint\1-19-475\xaaes\1024768.32/xa_form.mfd not found
AESSYS:read_inf:U:\c\mint\1-19-475\xaaes\xaaes.inf
alert:6, KBD:7,pferr=0
Wheel support present
Using moose adi
Loading AES modules...
loading accs ---------------------------
loading accessories from 'C:\'
load_accs: launch (C:\acalc.acc)
load_accs: launch (C:\jclktool.acc)
load_accs: launch (C:\st-guide.acc)
load_accs: launch (C:\bubble.acc)
loading shell and autorun ---------------
autorun[0]: cmd=(20FD80B8) 'u:\c\mint\1-19-475\sys-root\opt\GEM\toswin2\toswin2.app'
   args[0]:    =(107AE68) ''
Launch shell 'u:\c\mint\1-19-475\sys-root\opt\GEM\teradesk\desktop.prg' with args 'No args'
XaSYS(10:AES:7): sigterm received
(ignored)
AESSYS(7:AES:7): sigterm received
(ignored)

~~~~~~~~~~~~ XaAES start up ~~~~~~~~~~~~~~~~
XaAES v1.6.4 Beta (m68040, Dec 28 2022 19:47:07) (MultiTasking AES for MiNT)
Part of freemint (https://freemint.github.io/).
stack is long-aligned:20F5061C
PRG: km=20EC0000, base=20EC0160, text=20EC0260 -> 20F39530(496336), kentry:0.22,dos_version=40
home_path: 'U:\c\mint\1-19-475\xaaes\'
Loading config U:\c\mint\1-19-475\xaaes\xaaes.cnf
sysfile_exists: 'U:\c\mint\1-19-475\xaaes\moose_w.adi'
sysfile_exists: 'U:\c\mint\1-19-475\xaaes\moose.adi'
both moose_w.adi and moose.adi found (better choose one)
lang='en' (from config) code=0.
load adi modules
Loading AES Device Drivers:
load_adi: enter (0x20EBF254, 0x20EBF154, moose.adi)
load_adi: return 0
load_adi: enter (0x20EBD254, 0x20EBD154, moose_w.adi)
load_adi: return 0
adi_load: done
Creating XaAES kernel thread
AESSYS:Installed 'nAES' cookie in readable memory at 10BC000
apid=-1,P_handle=0
k_init: videomode=0
could not determine nvdi version
fvdi version = 968
Auto detecting screen device
Assume Falcon VDI compatibility
Video mode not set in Falcon/Milan VDI. Forcing device = 1
Screen device is: 1
k_init: v_opnwk() device=1
k_init: v_opnwk() handle=1
Physical work station opened: 1
Virtual work station opened: 2
screen-type:4
lookup-support:0, planes:32
Video info: width(1024/768), planes :32, colours 256 pixel-format 0
stdfont: id = 1, size = 10, cw=8, ch=16
smlfont: id = 1, size = 8, cw=6, ch=6
Display Device: Phys_handle=1, Virt_handle=2
 size=[1024,768], colours=256, bitplanes=32
Loading system resource file 'xaaes.rsc' lang='en'(0) trans=1
xaaes_sysfile: check if 'U:\c\mint\1-19-475\xaaes\xaaes.rsc' exists - return = 0
system resource = 20EA0004 (U:\c\mint\1-19-475\xaaes\xaaes.rsc)
xaaes_sysfile: check if 'U:\c\mint\1-19-475\xaaes\xa_xtobj.rsc' exists - return = 0
xaaes_sysfile: check if 'U:\c\mint\1-19-475\xaaes\xaaeswdg.rsc' exists - return = 0
do_bkg_img:U:\c\mint\1-19-475\xaaes\1024768.32/xa_form.mfd not found
AESSYS:read_inf:U:\c\mint\1-19-475\xaaes\xaaes.inf
alert:6, KBD:7,pferr=0
Wheel support present
Using moose adi
Loading AES modules...
loading accs ---------------------------
loading accessories from 'C:\'
load_accs: launch (C:\acalc.acc)
load_accs: launch (C:\jclktool.acc)
load_accs: launch (C:\st-guide.acc)
load_accs: launch (C:\bubble.acc)
loading shell and autorun ---------------
autorun[0]: cmd=(20F7AEF8) 'u:\c\mint\1-19-475\sys-root\opt\GEM\toswin2\toswin2.app'
   args[0]:    =(107AE68) ''
Launch shell 'u:\c\mint\1-19-475\sys-root\opt\GEM\teradesk\desktop.prg' with args 'No args'
XaSYS(10:AES:8): sigterm received
(ignored)
AESSYS(8:AES:8): sigterm received
(ignored)

~~~~~~~~~~~~ XaAES start up ~~~~~~~~~~~~~~~~
XaAES v1.6.4 Beta (m68040, Dec 28 2022 19:47:07) (MultiTasking AES for MiNT)
Part of freemint (https://freemint.github.io/).
stack is long-aligned:20F5061C
PRG: km=20EC0000, base=20EC0160, text=20EC0260 -> 20F39530(496336), kentry:0.22,dos_version=40
home_path: 'U:\c\mint\1-19-475\xaaes\'
Loading config U:\c\mint\1-19-475\xaaes\xaaes.cnf
sysfile_exists: 'U:\c\mint\1-19-475\xaaes\moose_w.adi'
sysfile_exists: 'U:\c\mint\1-19-475\xaaes\moose.adi'
both moose_w.adi and moose.adi found (better choose one)
lang='en' (from config) code=0.
load adi modules
Loading AES Device Drivers:
load_adi: enter (0x20EBF254, 0x20EBF154, moose.adi)
load_adi: return 0
load_adi: enter (0x20EBD254, 0x20EBD154, moose_w.adi)
load_adi: return 0
adi_load: done
Creating XaAES kernel thread
AESSYS:Installed 'nAES' cookie in readable memory at 10BC000
apid=-1,P_handle=0
k_init: videomode=0
could not determine nvdi version
fvdi version = 968
Auto detecting screen device
Assume Falcon VDI compatibility
Video mode not set in Falcon/Milan VDI. Forcing device = 1
Screen device is: 1
k_init: v_opnwk() device=1
k_init: v_opnwk() handle=1
Physical work station opened: 1
Virtual work station opened: 2
screen-type:4
lookup-support:0, planes:32
Video info: width(1024/768), planes :32, colours 256 pixel-format 0
stdfont: id = 1, size = 10, cw=8, ch=16
smlfont: id = 1, size = 8, cw=6, ch=6
Display Device: Phys_handle=1, Virt_handle=2
 size=[1024,768], colours=256, bitplanes=32
Loading system resource file 'xaaes.rsc' lang='en'(0) trans=1
xaaes_sysfile: check if 'U:\c\mint\1-19-475\xaaes\xaaes.rsc' exists - return = 0
system resource = 20EA0004 (U:\c\mint\1-19-475\xaaes\xaaes.rsc)
xaaes_sysfile: check if 'U:\c\mint\1-19-475\xaaes\xa_xtobj.rsc' exists - return = 0
xaaes_sysfile: check if 'U:\c\mint\1-19-475\xaaes\xaaeswdg.rsc' exists - return = 0
do_bkg_img:U:\c\mint\1-19-475\xaaes\1024768.32/xa_form.mfd not found
AESSYS:read_inf:U:\c\mint\1-19-475\xaaes\xaaes.inf
alert:6, KBD:7,pferr=0
Wheel support present
Using moose adi
Loading AES modules...
loading accs ---------------------------
loading accessories from 'C:\'
load_accs: launch (C:\acalc.acc)
load_accs: launch (C:\jclktool.acc)
load_accs: launch (C:\st-guide.acc)
load_accs: launch (C:\bubble.acc)
loading shell and autorun ---------------
autorun[0]: cmd=(20F7AEF8) 'u:\c\mint\1-19-475\sys-root\opt\GEM\toswin2\toswin2.app'
   args[0]:    =(107AE68) ''
Launch shell 'u:\c\mint\1-19-475\sys-root\opt\GEM\teradesk\desktop.prg' with args 'No args'
XaSYS(10:AES:8): sigterm received
(ignored)
AESSYS(8:AES:8): sigterm received
(ignored)

~~~~~~~~~~~~ XaAES start up ~~~~~~~~~~~~~~~~
XaAES v1.6.4 Beta (m68040, Dec 28 2022 19:47:07) (MultiTasking AES for MiNT)
Part of freemint (https://freemint.github.io/).
stack is long-aligned:20F5861C
PRG: km=20EC8000, base=20EC8160, text=20EC8260 -> 20F41530(496336), kentry:0.22,dos_version=40
home_path: 'U:\c\mint\1-19-475\xaaes\'
Loading config U:\c\mint\1-19-475\xaaes\xaaes.cnf
sysfile_exists: 'U:\c\mint\1-19-475\xaaes\moose_w.adi'
sysfile_exists: 'U:\c\mint\1-19-475\xaaes\moose.adi'
both moose_w.adi and moose.adi found (better choose one)
lang='en' (from config) code=0.
load adi modules
Loading AES Device Drivers:
load_adi: enter (0x20EC7254, 0x20EC7154, moose.adi)
load_adi: return 0
load_adi: enter (0x20EC5254, 0x20EC5154, moose_w.adi)
load_adi: return 0
adi_load: done
Creating XaAES kernel thread
AESSYS:Installed 'nAES' cookie in readable memory at 10B8000
apid=-1,P_handle=0
k_init: videomode=0
could not determine nvdi version
fvdi version = 968
Auto detecting screen device
Assume Falcon VDI compatibility
Video mode not set in Falcon/Milan VDI. Forcing device = 1
Screen device is: 1
k_init: v_opnwk() device=1
k_init: v_opnwk() handle=1
Physical work station opened: 1
Virtual work station opened: 2
screen-type:4
lookup-support:0, planes:32
Video info: width(1024/768), planes :32, colours 256 pixel-format 0
stdfont: id = 1, size = 10, cw=8, ch=16
smlfont: id = 1, size = 8, cw=6, ch=6
Display Device: Phys_handle=1, Virt_handle=2
 size=[1024,768], colours=256, bitplanes=32
Loading system resource file 'xaaes.rsc' lang='en'(0) trans=1
xaaes_sysfile: check if 'U:\c\mint\1-19-475\xaaes\xaaes.rsc' exists - return = 0
system resource = 20EA8004 (U:\c\mint\1-19-475\xaaes\xaaes.rsc)
xaaes_sysfile: check if 'U:\c\mint\1-19-475\xaaes\xa_xtobj.rsc' exists - return = 0
xaaes_sysfile: check if 'U:\c\mint\1-19-475\xaaes\xaaeswdg.rsc' exists - return = 0
do_bkg_img:U:\c\mint\1-19-475\xaaes\1024768.32/xa_form.mfd not found
AESSYS:read_inf:U:\c\mint\1-19-475\xaaes\xaaes.inf
alert:6, KBD:7,pferr=0
Wheel support present
Using moose adi
Loading AES modules...
loading accs ---------------------------
loading accessories from 'C:\'
load_accs: launch (C:\acalc.acc)
load_accs: launch (C:\jclktool.acc)
load_accs: launch (C:\st-guide.acc)
load_accs: launch (C:\bubble.acc)
loading shell and autorun ---------------
autorun[0]: cmd=(20FB0BC8) 'u:\c\mint\1-19-475\sys-root\opt\GEM\toswin2\toswin2.app'
   args[0]:    =(107AE08) ''
Launch shell 'u:\c\mint\1-19-475\sys-root\opt\GEM\teradesk\desktop.prg' with args 'No args'
XaSYS(9:AES:5): sigterm received
(ignored)
AESSYS(5:AES:5): sigterm received
(ignored)
